\BOOKMARK [1][-]{section.1}{Statistical\040learning}{}% 1
\BOOKMARK [2][-]{subsection.1.1}{1.1\040Rule-based\040approach}{section.1}% 2
\BOOKMARK [2][-]{subsection.1.2}{1.2\040Over-fitting}{section.1}% 3
\BOOKMARK [2][-]{subsection.1.3}{1.3\040Commonly\040used\040approaches\040to\040avoid\040over-fitting}{section.1}% 4
\BOOKMARK [2][-]{subsection.1.4}{1.4\040Metrics\040used\040to\040evaluate\040the\040performance}{section.1}% 5
\BOOKMARK [2][-]{subsection.1.5}{1.5\040Why\040Benchmark}{section.1}% 6
\BOOKMARK [1][-]{section.2}{Machine\040Learning}{}% 7
\BOOKMARK [2][-]{subsection.2.1}{2.1\040What\040is\040Machine\040Learning\040&\040Why\040Machine\040Learning}{section.2}% 8
\BOOKMARK [2][-]{subsection.2.2}{2.2\040Examples\040of\040machine\040learning\040techniques}{section.2}% 9
\BOOKMARK [2][-]{subsection.2.3}{2.3\040Classification\040&\040Regression\040Difference}{section.2}% 10
\BOOKMARK [2][-]{subsection.2.4}{2.4\040Supervised\040&\040Unsupervised\040learning}{section.2}% 11
\BOOKMARK [2][-]{subsection.2.5}{2.5\040Examples}{section.2}% 12
\BOOKMARK [1][-]{section.3}{Diabetes\040data}{}% 13
\BOOKMARK [2][-]{subsection.3.1}{3.1\040Correlation\040&\040Heat-Map}{section.3}% 14
\BOOKMARK [2][-]{subsection.3.2}{3.2\040Collinearity}{section.3}% 15
\BOOKMARK [2][-]{subsection.3.3}{3.3\040Multivariate\040Model}{section.3}% 16
\BOOKMARK [2][-]{subsection.3.4}{3.4\040Difference\040between\040forward\040&\040backward\040selection}{section.3}% 17
\BOOKMARK [2][-]{subsection.3.5}{3.5\040Stepwise\040Approach}{section.3}% 18
\BOOKMARK [1][-]{section.4}{Analyzing\040the\040Titanic\040data\040set}{}% 19
\BOOKMARK [2][-]{subsection.4.1}{4.1\040Logistic\040Regression\040&\040Linear\040Regression}{section.4}% 20
\BOOKMARK [2][-]{subsection.4.2}{4.2\040Probability\040of\040Survival}{section.4}% 21
\BOOKMARK [2][-]{subsection.4.3}{4.3\040Table\040of\040Survival\040Probability}{section.4}% 22
\BOOKMARK [2][-]{subsection.4.4}{4.4\040Logistic\040Regression\040Model\040for\040Survival\040Rates}{section.4}% 23
\BOOKMARK [2][-]{subsection.4.5}{4.5\040Model\040Performance}{section.4}% 24
